
Gathering system information ...
============== System information ====
+ lsb_release -a
No LSB modules are available.
Distributor ID:	Ubuntu
Description:	Ubuntu 18.04.3 LTS
Release:	18.04
Codename:	bionic
+ uname -a
Linux R2D2 5.0.0-37-generic #40~18.04.1-Ubuntu SMP Thu Nov 14 12:06:39 UTC 2019 x86_64 x86_64 x86_64 GNU/Linux
+ sw_vers
./setup.sh: line 75: sw_vers: command not found
+ grep MemTotal /proc/meminfo
MemTotal:        8080740 kB
+ echo

+ echo


done.


NOTE: Legacy scripts wig-to-json.pl and bam-to-json.pl have been removed from setup. Their functionality has been superseded by add-bam-track.pl and add-bw-track.pl. If you require the old versions, please use JBrowse 1.12.3 or earlier.


Installing node.js dependencies and building with webpack ...
Node v8.10.0 installed at /usr/bin/node with npm 3.5.2
@gmod/jbrowse@1.16.6 /home/jacob/PeakLearner-1.1/jbrowse-master
└── yarn@1.21.0 

yarn install v1.21.0
[1/4] Resolving packages...
[2/4] Fetching packages...
info fsevents@1.2.9: The platform "linux" is incompatible with this module.
info "fsevents@1.2.9" is an optional dependency and failed compatibility check. Excluding it from installation.
[3/4] Linking dependencies...
warning " > dojo-webpack-plugin@2.8.9" has unmet peer dependency "webpack-sources@>=1.0.1".
warning " > url-loader@0.5.7" has unmet peer dependency "file-loader@*".
